2022-01-21T12:57:21+00:00 CRITICAL Uncaught TypeError: Automattic\WooCommerce\Internal\DownloadPermissionsAdjuster::get_download_files_and_permissions(): Argument #1 ($product) must be of type WC_Product, bool given, called in C:\xampp\htdocs\examen\wp-content\plugins\woocommerce\src\Internal\DownloadPermissionsAdjuster.php on line 103 and defined in C:\xampp\htdocs\examen\wp-content\plugins\woocommerce\src\Internal\DownloadPermissionsAdjuster.php:138
Stack trace:
#0 C:\xampp\htdocs\examen\wp-content\plugins\woocommerce\src\Internal\DownloadPermissionsAdjuster.php(103): Automattic\WooCommerce\Internal\DownloadPermissionsAdjuster->get_download_files_and_permissions(false)
#1 C:\xampp\htdocs\examen\wp-includes\class-wp-hook.php(303): Automattic\WooCommerce\Internal\DownloadPermissionsAdjuster->adjust_download_permissions(300)
#2 C:\xampp\htdocs\examen\wp-includes\class-wp-hook.php(327): WP_Hook->apply_filters('', Array)
#3 C:\xampp\htdocs\examen\wp-includes\plugin.php(518): WP_Hook->do_action(Array)
#4 C:\xampp\htdocs\examen\wp-content\plugins\woocommerce\packages\action-scheduler\classes\actions\ActionScheduler_Action.php(22): do_action_ref_array('adjust_download...', Array)
#5 C:\xampp\htdocs\examen\wp-content\plugins\woocommerce\packages\action-scheduler\classes\abstracts\ActionScheduler_Abstract_QueueRunner.php(65): ActionScheduler_Action->execute()
#6 C:\xampp\htdocs\examen\wp-content\plugins\woocommerce\packages\action-scheduler\classes\ActionScheduler_QueueRunner.php(162): ActionScheduler_Abstract_QueueRunner->process_action(49, 'Async Request')
#7 C:\xampp\htdocs\examen\wp-content\plugins\woocommerce\packages\action-scheduler\classes\ActionScheduler_QueueRunner.php(132): ActionScheduler_QueueRunner->do_batch(25, 'Async Request')
#8 C:\xampp\htdocs\examen\wp-includes\class-wp-hook.php(303): ActionScheduler_QueueRunner->run('Async Request')
#9 C:\xampp\htdocs\examen\wp-includes\class-wp-hook.php(327): WP_Hook->apply_filters('', Array)
#10 C:\xampp\htdocs\examen\wp-includes\plugin.php(470): WP_Hook->do_action(Array)
#11 C:\xampp\htdocs\examen\wp-content\plugins\woocommerce\packages\action-scheduler\classes\ActionScheduler_AsyncRequest_QueueRunner.php(52): do_action('action_schedule...', 'Async Request')
#12 C:\xampp\htdocs\examen\wp-content\plugins\woocommerce\includes\libraries\wp-async-request.php(147): ActionScheduler_AsyncRequest_QueueRunner->handle()
#13 C:\xampp\htdocs\examen\wp-includes\class-wp-hook.php(303): WP_Async_Request->maybe_handle('')
#14 C:\xampp\htdocs\examen\wp-includes\class-wp-hook.php(327): WP_Hook->apply_filters('', Array)
#15 C:\xampp\htdocs\examen\wp-includes\plugin.php(470): WP_Hook->do_action(Array)
#16 C:\xampp\htdocs\examen\wp-admin\admin-ajax.php(187): do_action('wp_ajax_as_asyn...')
#17 {main}
  thrown in C:\xampp\htdocs\examen\wp-content\plugins\woocommerce\src\Internal\DownloadPermissionsAdjuster.php on line 138

