2022-01-20T15:22:38+00:00 CRITICAL Uncaught TypeError: call_user_func(): Argument #1 ($function) must be a valid callback, non-static method Astra_Builder_Header::header_woo_cart() cannot be called statically in C:\xampp\htdocs\examen\wp-includes\customize\class-wp-customize-partial.php:221
Stack trace:
#0 C:\xampp\htdocs\examen\wp-includes\customize\class-wp-customize-selective-refresh.php(371): WP_Customize_Partial->render(Array)
#1 C:\xampp\htdocs\examen\wp-includes\class-wp-hook.php(303): WP_Customize_Selective_Refresh->handle_render_partials_request('')
#2 C:\xampp\htdocs\examen\wp-includes\class-wp-hook.php(327): WP_Hook->apply_filters(NULL, Array)
#3 C:\xampp\htdocs\examen\wp-includes\plugin.php(470): WP_Hook->do_action(Array)
#4 C:\xampp\htdocs\examen\wp-includes\template-loader.php(13): do_action('template_redire...')
#5 C:\xampp\htdocs\examen\wp-blog-header.php(19): require_once('C:\\xampp\\htdocs...')
#6 C:\xampp\htdocs\examen\index.php(17): require('C:\\xampp\\htdocs...')
#7 {main}
  thrown in C:\xampp\htdocs\examen\wp-includes\customize\class-wp-customize-partial.php on line 221

2022-01-20T15:22:48+00:00 CRITICAL Uncaught TypeError: call_user_func(): Argument #1 ($function) must be a valid callback, non-static method Astra_Builder_Header::header_woo_cart() cannot be called statically in C:\xampp\htdocs\examen\wp-includes\customize\class-wp-customize-partial.php:221
Stack trace:
#0 C:\xampp\htdocs\examen\wp-includes\customize\class-wp-customize-selective-refresh.php(371): WP_Customize_Partial->render(Array)
#1 C:\xampp\htdocs\examen\wp-includes\class-wp-hook.php(303): WP_Customize_Selective_Refresh->handle_render_partials_request('')
#2 C:\xampp\htdocs\examen\wp-includes\class-wp-hook.php(327): WP_Hook->apply_filters(NULL, Array)
#3 C:\xampp\htdocs\examen\wp-includes\plugin.php(470): WP_Hook->do_action(Array)
#4 C:\xampp\htdocs\examen\wp-includes\template-loader.php(13): do_action('template_redire...')
#5 C:\xampp\htdocs\examen\wp-blog-header.php(19): require_once('C:\\xampp\\htdocs...')
#6 C:\xampp\htdocs\examen\index.php(17): require('C:\\xampp\\htdocs...')
#7 {main}
  thrown in C:\xampp\htdocs\examen\wp-includes\customize\class-wp-customize-partial.php on line 221

2022-01-20T15:22:53+00:00 CRITICAL Uncaught TypeError: call_user_func(): Argument #1 ($function) must be a valid callback, non-static method Astra_Builder_Header::header_woo_cart() cannot be called statically in C:\xampp\htdocs\examen\wp-includes\customize\class-wp-customize-partial.php:221
Stack trace:
#0 C:\xampp\htdocs\examen\wp-includes\customize\class-wp-customize-selective-refresh.php(371): WP_Customize_Partial->render(Array)
#1 C:\xampp\htdocs\examen\wp-includes\class-wp-hook.php(303): WP_Customize_Selective_Refresh->handle_render_partials_request('')
#2 C:\xampp\htdocs\examen\wp-includes\class-wp-hook.php(327): WP_Hook->apply_filters(NULL, Array)
#3 C:\xampp\htdocs\examen\wp-includes\plugin.php(470): WP_Hook->do_action(Array)
#4 C:\xampp\htdocs\examen\wp-includes\template-loader.php(13): do_action('template_redire...')
#5 C:\xampp\htdocs\examen\wp-blog-header.php(19): require_once('C:\\xampp\\htdocs...')
#6 C:\xampp\htdocs\examen\index.php(17): require('C:\\xampp\\htdocs...')
#7 {main}
  thrown in C:\xampp\htdocs\examen\wp-includes\customize\class-wp-customize-partial.php on line 221

2022-01-20T15:22:56+00:00 CRITICAL Uncaught TypeError: call_user_func(): Argument #1 ($function) must be a valid callback, non-static method Astra_Builder_Header::header_woo_cart() cannot be called statically in C:\xampp\htdocs\examen\wp-includes\customize\class-wp-customize-partial.php:221
Stack trace:
#0 C:\xampp\htdocs\examen\wp-includes\customize\class-wp-customize-selective-refresh.php(371): WP_Customize_Partial->render(Array)
#1 C:\xampp\htdocs\examen\wp-includes\class-wp-hook.php(303): WP_Customize_Selective_Refresh->handle_render_partials_request('')
#2 C:\xampp\htdocs\examen\wp-includes\class-wp-hook.php(327): WP_Hook->apply_filters(NULL, Array)
#3 C:\xampp\htdocs\examen\wp-includes\plugin.php(470): WP_Hook->do_action(Array)
#4 C:\xampp\htdocs\examen\wp-includes\template-loader.php(13): do_action('template_redire...')
#5 C:\xampp\htdocs\examen\wp-blog-header.php(19): require_once('C:\\xampp\\htdocs...')
#6 C:\xampp\htdocs\examen\index.php(17): require('C:\\xampp\\htdocs...')
#7 {main}
  thrown in C:\xampp\htdocs\examen\wp-includes\customize\class-wp-customize-partial.php on line 221

2022-01-20T15:23:00+00:00 CRITICAL Uncaught TypeError: call_user_func(): Argument #1 ($function) must be a valid callback, non-static method Astra_Builder_Header::header_woo_cart() cannot be called statically in C:\xampp\htdocs\examen\wp-includes\customize\class-wp-customize-partial.php:221
Stack trace:
#0 C:\xampp\htdocs\examen\wp-includes\customize\class-wp-customize-selective-refresh.php(371): WP_Customize_Partial->render(Array)
#1 C:\xampp\htdocs\examen\wp-includes\class-wp-hook.php(303): WP_Customize_Selective_Refresh->handle_render_partials_request('')
#2 C:\xampp\htdocs\examen\wp-includes\class-wp-hook.php(327): WP_Hook->apply_filters(NULL, Array)
#3 C:\xampp\htdocs\examen\wp-includes\plugin.php(470): WP_Hook->do_action(Array)
#4 C:\xampp\htdocs\examen\wp-includes\template-loader.php(13): do_action('template_redire...')
#5 C:\xampp\htdocs\examen\wp-blog-header.php(19): require_once('C:\\xampp\\htdocs...')
#6 C:\xampp\htdocs\examen\index.php(17): require('C:\\xampp\\htdocs...')
#7 {main}
  thrown in C:\xampp\htdocs\examen\wp-includes\customize\class-wp-customize-partial.php on line 221

2022-01-20T15:23:05+00:00 CRITICAL Uncaught TypeError: call_user_func(): Argument #1 ($function) must be a valid callback, non-static method Astra_Builder_Header::header_woo_cart() cannot be called statically in C:\xampp\htdocs\examen\wp-includes\customize\class-wp-customize-partial.php:221
Stack trace:
#0 C:\xampp\htdocs\examen\wp-includes\customize\class-wp-customize-selective-refresh.php(371): WP_Customize_Partial->render(Array)
#1 C:\xampp\htdocs\examen\wp-includes\class-wp-hook.php(303): WP_Customize_Selective_Refresh->handle_render_partials_request('')
#2 C:\xampp\htdocs\examen\wp-includes\class-wp-hook.php(327): WP_Hook->apply_filters(NULL, Array)
#3 C:\xampp\htdocs\examen\wp-includes\plugin.php(470): WP_Hook->do_action(Array)
#4 C:\xampp\htdocs\examen\wp-includes\template-loader.php(13): do_action('template_redire...')
#5 C:\xampp\htdocs\examen\wp-blog-header.php(19): require_once('C:\\xampp\\htdocs...')
#6 C:\xampp\htdocs\examen\index.php(17): require('C:\\xampp\\htdocs...')
#7 {main}
  thrown in C:\xampp\htdocs\examen\wp-includes\customize\class-wp-customize-partial.php on line 221

2022-01-20T15:27:44+00:00 CRITICAL Uncaught TypeError: call_user_func(): Argument #1 ($function) must be a valid callback, non-static method Astra_Builder_Header::header_woo_cart() cannot be called statically in C:\xampp\htdocs\examen\wp-includes\customize\class-wp-customize-partial.php:221
Stack trace:
#0 C:\xampp\htdocs\examen\wp-includes\customize\class-wp-customize-selective-refresh.php(371): WP_Customize_Partial->render(Array)
#1 C:\xampp\htdocs\examen\wp-includes\class-wp-hook.php(303): WP_Customize_Selective_Refresh->handle_render_partials_request('')
#2 C:\xampp\htdocs\examen\wp-includes\class-wp-hook.php(327): WP_Hook->apply_filters(NULL, Array)
#3 C:\xampp\htdocs\examen\wp-includes\plugin.php(470): WP_Hook->do_action(Array)
#4 C:\xampp\htdocs\examen\wp-includes\template-loader.php(13): do_action('template_redire...')
#5 C:\xampp\htdocs\examen\wp-blog-header.php(19): require_once('C:\\xampp\\htdocs...')
#6 C:\xampp\htdocs\examen\index.php(17): require('C:\\xampp\\htdocs...')
#7 {main}
  thrown in C:\xampp\htdocs\examen\wp-includes\customize\class-wp-customize-partial.php on line 221

2022-01-20T15:27:50+00:00 CRITICAL Uncaught TypeError: call_user_func(): Argument #1 ($function) must be a valid callback, non-static method Astra_Builder_Header::header_woo_cart() cannot be called statically in C:\xampp\htdocs\examen\wp-includes\customize\class-wp-customize-partial.php:221
Stack trace:
#0 C:\xampp\htdocs\examen\wp-includes\customize\class-wp-customize-selective-refresh.php(371): WP_Customize_Partial->render(Array)
#1 C:\xampp\htdocs\examen\wp-includes\class-wp-hook.php(303): WP_Customize_Selective_Refresh->handle_render_partials_request('')
#2 C:\xampp\htdocs\examen\wp-includes\class-wp-hook.php(327): WP_Hook->apply_filters(NULL, Array)
#3 C:\xampp\htdocs\examen\wp-includes\plugin.php(470): WP_Hook->do_action(Array)
#4 C:\xampp\htdocs\examen\wp-includes\template-loader.php(13): do_action('template_redire...')
#5 C:\xampp\htdocs\examen\wp-blog-header.php(19): require_once('C:\\xampp\\htdocs...')
#6 C:\xampp\htdocs\examen\index.php(17): require('C:\\xampp\\htdocs...')
#7 {main}
  thrown in C:\xampp\htdocs\examen\wp-includes\customize\class-wp-customize-partial.php on line 221

