2022-01-26T14:40:32+00:00 CRITICAL Uncaught TypeError: Elementor\Elements_Manager::create_element_instance(): Argument #1 ($element_data) must be of type array, string given, called in C:\xampp\htdocs\examen\wp-content\plugins\elementor\core\files\css\post.php on line 172 and defined in C:\xampp\htdocs\examen\wp-content\plugins\elementor\includes\managers\elements.php:70
Stack trace:
#0 C:\xampp\htdocs\examen\wp-content\plugins\elementor\core\files\css\post.php(172): Elementor\Elements_Manager->create_element_instance('Array')
#1 C:\xampp\htdocs\examen\wp-content\plugins\elementor\core\files\css\base.php(632): Elementor\Core\Files\CSS\Post->render_css()
#2 C:\xampp\htdocs\examen\wp-content\plugins\elementor\core\files\base.php(180): Elementor\Core\Files\CSS\Base->parse_content()
#3 C:\xampp\htdocs\examen\wp-content\plugins\elementor\core\files\css\base.php(131): Elementor\Core\Files\Base->update_file()
#4 C:\xampp\htdocs\examen\wp-content\plugins\elementor\core\files\css\base.php(218): Elementor\Core\Files\CSS\Base->update()
#5 C:\xampp\htdocs\examen\wp-content\plugins\elementor\core\files\css\post.php(201): Elementor\Core\Files\CSS\Base->enqueue()
#6 C:\xampp\htdocs\examen\wp-content\plugins\header-footer-elementor\inc\class-header-footer-elementor.php(410): Elementor\Core\Files\CSS\Post->enqueue()
#7 C:\xampp\htdocs\examen\wp-includes\class-wp-hook.php(303): Header_Footer_Elementor->enqueue_scripts('')
#8 C:\xampp\htdocs\examen\wp-includes\class-wp-hook.php(327): WP_Hook->apply_filters(NULL, Array)
#9 C:\xampp\htdocs\examen\wp-includes\plugin.php(470): WP_Hook->do_action(Array)
#10 C:\xampp\htdocs\examen\wp-includes\script-loader.php(2083): do_action('wp_enqueue_scri...')
#11 C:\xampp\htdocs\examen\wp-includes\class-wp-hook.php(303): wp_enqueue_scripts('')
#12 C:\xampp\htdocs\examen\wp-includes\class-wp-hook.php(327): WP_Hook->apply_filters(NULL, Array)
#13 C:\xampp\htdocs\examen\wp-includes\plugin.php(470): WP_Hook->do_action(Array)
#14 C:\xampp\htdocs\examen\wp-includes\general-template.php(3015): do_action('wp_head')
#15 C:\xampp\htdocs\examen\wp-content\themes\astra\header.php(26): wp_head()
#16 C:\xampp\htdocs\examen\wp-includes\template.php(770): require_once('C:\\xampp\\htdocs...')
#17 C:\xampp\htdocs\examen\wp-includes\template.php(716): load_template('C:\\xampp\\htdocs...', true, Array)
#18 C:\xampp\htdocs\examen\wp-includes\general-template.php(48): locate_template(Array, true, true, Array)
#19 C:\xampp\htdocs\examen\wp-content\themes\astra\page.php(20): get_header()
#20 C:\xampp\htdocs\examen\wp-includes\template-loader.php(106): include('C:\\xampp\\htdocs...')
#21 C:\xampp\htdocs\examen\wp-blog-header.php(19): require_once('C:\\xampp\\htdocs...')
#22 C:\xampp\htdocs\examen\index.php(17): require('C:\\xampp\\htdocs...')
#23 {main}
  thrown in C:\xampp\htdocs\examen\wp-content\plugins\elementor\includes\managers\elements.php on line 70

2022-01-26T14:40:41+00:00 CRITICAL Uncaught TypeError: Elementor\Elements_Manager::create_element_instance(): Argument #1 ($element_data) must be of type array, string given, called in C:\xampp\htdocs\examen\wp-content\plugins\elementor\core\files\css\post.php on line 172 and defined in C:\xampp\htdocs\examen\wp-content\plugins\elementor\includes\managers\elements.php:70
Stack trace:
#0 C:\xampp\htdocs\examen\wp-content\plugins\elementor\core\files\css\post.php(172): Elementor\Elements_Manager->create_element_instance('Array')
#1 C:\xampp\htdocs\examen\wp-content\plugins\elementor\core\files\css\base.php(632): Elementor\Core\Files\CSS\Post->render_css()
#2 C:\xampp\htdocs\examen\wp-content\plugins\elementor\core\files\base.php(180): Elementor\Core\Files\CSS\Base->parse_content()
#3 C:\xampp\htdocs\examen\wp-content\plugins\elementor\core\files\css\base.php(131): Elementor\Core\Files\Base->update_file()
#4 C:\xampp\htdocs\examen\wp-content\plugins\elementor\core\files\css\base.php(218): Elementor\Core\Files\CSS\Base->update()
#5 C:\xampp\htdocs\examen\wp-content\plugins\elementor\core\files\css\post.php(201): Elementor\Core\Files\CSS\Base->enqueue()
#6 C:\xampp\htdocs\examen\wp-content\plugins\header-footer-elementor\inc\class-header-footer-elementor.php(410): Elementor\Core\Files\CSS\Post->enqueue()
#7 C:\xampp\htdocs\examen\wp-includes\class-wp-hook.php(303): Header_Footer_Elementor->enqueue_scripts('')
#8 C:\xampp\htdocs\examen\wp-includes\class-wp-hook.php(327): WP_Hook->apply_filters(NULL, Array)
#9 C:\xampp\htdocs\examen\wp-includes\plugin.php(470): WP_Hook->do_action(Array)
#10 C:\xampp\htdocs\examen\wp-includes\script-loader.php(2083): do_action('wp_enqueue_scri...')
#11 C:\xampp\htdocs\examen\wp-includes\class-wp-hook.php(303): wp_enqueue_scripts('')
#12 C:\xampp\htdocs\examen\wp-includes\class-wp-hook.php(327): WP_Hook->apply_filters(NULL, Array)
#13 C:\xampp\htdocs\examen\wp-includes\plugin.php(470): WP_Hook->do_action(Array)
#14 C:\xampp\htdocs\examen\wp-includes\general-template.php(3015): do_action('wp_head')
#15 C:\xampp\htdocs\examen\wp-content\themes\astra\header.php(26): wp_head()
#16 C:\xampp\htdocs\examen\wp-includes\template.php(770): require_once('C:\\xampp\\htdocs...')
#17 C:\xampp\htdocs\examen\wp-includes\template.php(716): load_template('C:\\xampp\\htdocs...', true, Array)
#18 C:\xampp\htdocs\examen\wp-includes\general-template.php(48): locate_template(Array, true, true, Array)
#19 C:\xampp\htdocs\examen\wp-content\themes\astra\page.php(20): get_header()
#20 C:\xampp\htdocs\examen\wp-includes\template-loader.php(106): include('C:\\xampp\\htdocs...')
#21 C:\xampp\htdocs\examen\wp-blog-header.php(19): require_once('C:\\xampp\\htdocs...')
#22 C:\xampp\htdocs\examen\index.php(17): require('C:\\xampp\\htdocs...')
#23 {main}
  thrown in C:\xampp\htdocs\examen\wp-content\plugins\elementor\includes\managers\elements.php on line 70

2022-01-26T14:40:44+00:00 CRITICAL Uncaught TypeError: Elementor\Elements_Manager::create_element_instance(): Argument #1 ($element_data) must be of type array, string given, called in C:\xampp\htdocs\examen\wp-content\plugins\elementor\core\files\css\post.php on line 172 and defined in C:\xampp\htdocs\examen\wp-content\plugins\elementor\includes\managers\elements.php:70
Stack trace:
#0 C:\xampp\htdocs\examen\wp-content\plugins\elementor\core\files\css\post.php(172): Elementor\Elements_Manager->create_element_instance('Array')
#1 C:\xampp\htdocs\examen\wp-content\plugins\elementor\core\files\css\base.php(632): Elementor\Core\Files\CSS\Post->render_css()
#2 C:\xampp\htdocs\examen\wp-content\plugins\elementor\core\files\base.php(180): Elementor\Core\Files\CSS\Base->parse_content()
#3 C:\xampp\htdocs\examen\wp-content\plugins\elementor\core\files\css\base.php(131): Elementor\Core\Files\Base->update_file()
#4 C:\xampp\htdocs\examen\wp-content\plugins\elementor\core\files\css\base.php(218): Elementor\Core\Files\CSS\Base->update()
#5 C:\xampp\htdocs\examen\wp-content\plugins\elementor\core\files\css\post.php(201): Elementor\Core\Files\CSS\Base->enqueue()
#6 C:\xampp\htdocs\examen\wp-content\plugins\header-footer-elementor\inc\class-header-footer-elementor.php(410): Elementor\Core\Files\CSS\Post->enqueue()
#7 C:\xampp\htdocs\examen\wp-includes\class-wp-hook.php(303): Header_Footer_Elementor->enqueue_scripts('')
#8 C:\xampp\htdocs\examen\wp-includes\class-wp-hook.php(327): WP_Hook->apply_filters(NULL, Array)
#9 C:\xampp\htdocs\examen\wp-includes\plugin.php(470): WP_Hook->do_action(Array)
#10 C:\xampp\htdocs\examen\wp-includes\script-loader.php(2083): do_action('wp_enqueue_scri...')
#11 C:\xampp\htdocs\examen\wp-includes\class-wp-hook.php(303): wp_enqueue_scripts('')
#12 C:\xampp\htdocs\examen\wp-includes\class-wp-hook.php(327): WP_Hook->apply_filters(NULL, Array)
#13 C:\xampp\htdocs\examen\wp-includes\plugin.php(470): WP_Hook->do_action(Array)
#14 C:\xampp\htdocs\examen\wp-includes\general-template.php(3015): do_action('wp_head')
#15 C:\xampp\htdocs\examen\wp-content\themes\astra\header.php(26): wp_head()
#16 C:\xampp\htdocs\examen\wp-includes\template.php(770): require_once('C:\\xampp\\htdocs...')
#17 C:\xampp\htdocs\examen\wp-includes\template.php(716): load_template('C:\\xampp\\htdocs...', true, Array)
#18 C:\xampp\htdocs\examen\wp-includes\general-template.php(48): locate_template(Array, true, true, Array)
#19 C:\xampp\htdocs\examen\wp-content\themes\astra\page.php(20): get_header()
#20 C:\xampp\htdocs\examen\wp-includes\template-loader.php(106): include('C:\\xampp\\htdocs...')
#21 C:\xampp\htdocs\examen\wp-blog-header.php(19): require_once('C:\\xampp\\htdocs...')
#22 C:\xampp\htdocs\examen\index.php(17): require('C:\\xampp\\htdocs...')
#23 {main}
  thrown in C:\xampp\htdocs\examen\wp-content\plugins\elementor\includes\managers\elements.php on line 70

2022-01-26T14:41:03+00:00 CRITICAL Uncaught TypeError: Elementor\Elements_Manager::create_element_instance(): Argument #1 ($element_data) must be of type array, string given, called in C:\xampp\htdocs\examen\wp-content\plugins\elementor\core\files\css\post.php on line 172 and defined in C:\xampp\htdocs\examen\wp-content\plugins\elementor\includes\managers\elements.php:70
Stack trace:
#0 C:\xampp\htdocs\examen\wp-content\plugins\elementor\core\files\css\post.php(172): Elementor\Elements_Manager->create_element_instance('Array')
#1 C:\xampp\htdocs\examen\wp-content\plugins\elementor\core\files\css\base.php(632): Elementor\Core\Files\CSS\Post->render_css()
#2 C:\xampp\htdocs\examen\wp-content\plugins\elementor\core\files\base.php(180): Elementor\Core\Files\CSS\Base->parse_content()
#3 C:\xampp\htdocs\examen\wp-content\plugins\elementor\core\files\css\base.php(131): Elementor\Core\Files\Base->update_file()
#4 C:\xampp\htdocs\examen\wp-content\plugins\elementor\core\files\css\base.php(218): Elementor\Core\Files\CSS\Base->update()
#5 C:\xampp\htdocs\examen\wp-content\plugins\elementor\core\files\css\post.php(201): Elementor\Core\Files\CSS\Base->enqueue()
#6 C:\xampp\htdocs\examen\wp-content\plugins\header-footer-elementor\inc\class-header-footer-elementor.php(410): Elementor\Core\Files\CSS\Post->enqueue()
#7 C:\xampp\htdocs\examen\wp-includes\class-wp-hook.php(303): Header_Footer_Elementor->enqueue_scripts('')
#8 C:\xampp\htdocs\examen\wp-includes\class-wp-hook.php(327): WP_Hook->apply_filters(NULL, Array)
#9 C:\xampp\htdocs\examen\wp-includes\plugin.php(470): WP_Hook->do_action(Array)
#10 C:\xampp\htdocs\examen\wp-includes\script-loader.php(2083): do_action('wp_enqueue_scri...')
#11 C:\xampp\htdocs\examen\wp-includes\class-wp-hook.php(303): wp_enqueue_scripts('')
#12 C:\xampp\htdocs\examen\wp-includes\class-wp-hook.php(327): WP_Hook->apply_filters(NULL, Array)
#13 C:\xampp\htdocs\examen\wp-includes\plugin.php(470): WP_Hook->do_action(Array)
#14 C:\xampp\htdocs\examen\wp-includes\general-template.php(3015): do_action('wp_head')
#15 C:\xampp\htdocs\examen\wp-content\themes\astra\header.php(26): wp_head()
#16 C:\xampp\htdocs\examen\wp-includes\template.php(770): require_once('C:\\xampp\\htdocs...')
#17 C:\xampp\htdocs\examen\wp-includes\template.php(716): load_template('C:\\xampp\\htdocs...', true, Array)
#18 C:\xampp\htdocs\examen\wp-includes\general-template.php(48): locate_template(Array, true, true, Array)
#19 C:\xampp\htdocs\examen\wp-content\themes\astra\page.php(20): get_header()
#20 C:\xampp\htdocs\examen\wp-includes\template-loader.php(106): include('C:\\xampp\\htdocs...')
#21 C:\xampp\htdocs\examen\wp-blog-header.php(19): require_once('C:\\xampp\\htdocs...')
#22 C:\xampp\htdocs\examen\index.php(17): require('C:\\xampp\\htdocs...')
#23 {main}
  thrown in C:\xampp\htdocs\examen\wp-content\plugins\elementor\includes\managers\elements.php on line 70

2022-01-26T14:41:20+00:00 CRITICAL Uncaught TypeError: Elementor\Elements_Manager::create_element_instance(): Argument #1 ($element_data) must be of type array, string given, called in C:\xampp\htdocs\examen\wp-content\plugins\elementor\core\files\css\post.php on line 172 and defined in C:\xampp\htdocs\examen\wp-content\plugins\elementor\includes\managers\elements.php:70
Stack trace:
#0 C:\xampp\htdocs\examen\wp-content\plugins\elementor\core\files\css\post.php(172): Elementor\Elements_Manager->create_element_instance('Array')
#1 C:\xampp\htdocs\examen\wp-content\plugins\elementor\core\files\css\base.php(632): Elementor\Core\Files\CSS\Post->render_css()
#2 C:\xampp\htdocs\examen\wp-content\plugins\elementor\core\files\base.php(180): Elementor\Core\Files\CSS\Base->parse_content()
#3 C:\xampp\htdocs\examen\wp-content\plugins\elementor\core\files\css\base.php(131): Elementor\Core\Files\Base->update_file()
#4 C:\xampp\htdocs\examen\wp-content\plugins\elementor\core\files\css\base.php(218): Elementor\Core\Files\CSS\Base->update()
#5 C:\xampp\htdocs\examen\wp-content\plugins\elementor\core\files\css\post.php(201): Elementor\Core\Files\CSS\Base->enqueue()
#6 C:\xampp\htdocs\examen\wp-content\plugins\header-footer-elementor\inc\class-header-footer-elementor.php(410): Elementor\Core\Files\CSS\Post->enqueue()
#7 C:\xampp\htdocs\examen\wp-includes\class-wp-hook.php(303): Header_Footer_Elementor->enqueue_scripts('')
#8 C:\xampp\htdocs\examen\wp-includes\class-wp-hook.php(327): WP_Hook->apply_filters(NULL, Array)
#9 C:\xampp\htdocs\examen\wp-includes\plugin.php(470): WP_Hook->do_action(Array)
#10 C:\xampp\htdocs\examen\wp-includes\script-loader.php(2083): do_action('wp_enqueue_scri...')
#11 C:\xampp\htdocs\examen\wp-includes\class-wp-hook.php(303): wp_enqueue_scripts('')
#12 C:\xampp\htdocs\examen\wp-includes\class-wp-hook.php(327): WP_Hook->apply_filters(NULL, Array)
#13 C:\xampp\htdocs\examen\wp-includes\plugin.php(470): WP_Hook->do_action(Array)
#14 C:\xampp\htdocs\examen\wp-includes\general-template.php(3015): do_action('wp_head')
#15 C:\xampp\htdocs\examen\wp-content\themes\astra\header.php(26): wp_head()
#16 C:\xampp\htdocs\examen\wp-includes\template.php(770): require_once('C:\\xampp\\htdocs...')
#17 C:\xampp\htdocs\examen\wp-includes\template.php(716): load_template('C:\\xampp\\htdocs...', true, Array)
#18 C:\xampp\htdocs\examen\wp-includes\general-template.php(48): locate_template(Array, true, true, Array)
#19 C:\xampp\htdocs\examen\wp-content\themes\astra\page.php(20): get_header()
#20 C:\xampp\htdocs\examen\wp-includes\template-loader.php(106): include('C:\\xampp\\htdocs...')
#21 C:\xampp\htdocs\examen\wp-blog-header.php(19): require_once('C:\\xampp\\htdocs...')
#22 C:\xampp\htdocs\examen\index.php(17): require('C:\\xampp\\htdocs...')
#23 {main}
  thrown in C:\xampp\htdocs\examen\wp-content\plugins\elementor\includes\managers\elements.php on line 70

2022-01-26T14:42:58+00:00 CRITICAL Uncaught TypeError: Elementor\Elements_Manager::create_element_instance(): Argument #1 ($element_data) must be of type array, string given, called in C:\xampp\htdocs\examen\wp-content\plugins\elementor\core\files\css\post.php on line 172 and defined in C:\xampp\htdocs\examen\wp-content\plugins\elementor\includes\managers\elements.php:70
Stack trace:
#0 C:\xampp\htdocs\examen\wp-content\plugins\elementor\core\files\css\post.php(172): Elementor\Elements_Manager->create_element_instance('Array')
#1 C:\xampp\htdocs\examen\wp-content\plugins\elementor\core\files\css\base.php(632): Elementor\Core\Files\CSS\Post->render_css()
#2 C:\xampp\htdocs\examen\wp-content\plugins\elementor\core\files\base.php(180): Elementor\Core\Files\CSS\Base->parse_content()
#3 C:\xampp\htdocs\examen\wp-content\plugins\elementor\core\files\css\base.php(131): Elementor\Core\Files\Base->update_file()
#4 C:\xampp\htdocs\examen\wp-content\plugins\elementor\core\files\css\base.php(218): Elementor\Core\Files\CSS\Base->update()
#5 C:\xampp\htdocs\examen\wp-content\plugins\elementor\core\files\css\post.php(201): Elementor\Core\Files\CSS\Base->enqueue()
#6 C:\xampp\htdocs\examen\wp-content\plugins\header-footer-elementor\inc\class-header-footer-elementor.php(410): Elementor\Core\Files\CSS\Post->enqueue()
#7 C:\xampp\htdocs\examen\wp-includes\class-wp-hook.php(303): Header_Footer_Elementor->enqueue_scripts('')
#8 C:\xampp\htdocs\examen\wp-includes\class-wp-hook.php(327): WP_Hook->apply_filters(NULL, Array)
#9 C:\xampp\htdocs\examen\wp-includes\plugin.php(470): WP_Hook->do_action(Array)
#10 C:\xampp\htdocs\examen\wp-includes\script-loader.php(2083): do_action('wp_enqueue_scri...')
#11 C:\xampp\htdocs\examen\wp-includes\class-wp-hook.php(303): wp_enqueue_scripts('')
#12 C:\xampp\htdocs\examen\wp-includes\class-wp-hook.php(327): WP_Hook->apply_filters(NULL, Array)
#13 C:\xampp\htdocs\examen\wp-includes\plugin.php(470): WP_Hook->do_action(Array)
#14 C:\xampp\htdocs\examen\wp-includes\general-template.php(3015): do_action('wp_head')
#15 C:\xampp\htdocs\examen\wp-content\themes\astra\header.php(26): wp_head()
#16 C:\xampp\htdocs\examen\wp-includes\template.php(770): require_once('C:\\xampp\\htdocs...')
#17 C:\xampp\htdocs\examen\wp-includes\template.php(716): load_template('C:\\xampp\\htdocs...', true, Array)
#18 C:\xampp\htdocs\examen\wp-includes\general-template.php(48): locate_template(Array, true, true, Array)
#19 C:\xampp\htdocs\examen\wp-content\themes\astra\page.php(20): get_header()
#20 C:\xampp\htdocs\examen\wp-includes\template-loader.php(106): include('C:\\xampp\\htdocs...')
#21 C:\xampp\htdocs\examen\wp-blog-header.php(19): require_once('C:\\xampp\\htdocs...')
#22 C:\xampp\htdocs\examen\index.php(17): require('C:\\xampp\\htdocs...')
#23 {main}
  thrown in C:\xampp\htdocs\examen\wp-content\plugins\elementor\includes\managers\elements.php on line 70

2022-01-26T14:43:50+00:00 CRITICAL Uncaught Exception: Invalid data: {"data":["Array"],"element":"Array"} in C:\xampp\htdocs\examen\wp-content\plugins\elementor\core\base\document.php:864
Stack trace:
#0 C:\xampp\htdocs\examen\wp-content\plugins\elementor\core\base\document.php(553): Elementor\Core\Base\Document->get_elements_raw_data(Array, true)
#1 C:\xampp\htdocs\examen\wp-content\plugins\elementor\includes\base\controls-stack.php(1011): Elementor\Core\Base\Document->get_initial_config()
#2 C:\xampp\htdocs\examen\wp-content\plugins\elementor\core\editor\editor.php(522): Elementor\Controls_Stack->get_config()
#3 C:\xampp\htdocs\examen\wp-includes\class-wp-hook.php(303): Elementor\Core\Editor\Editor->enqueue_scripts('')
#4 C:\xampp\htdocs\examen\wp-includes\class-wp-hook.php(327): WP_Hook->apply_filters('', Array)
#5 C:\xampp\htdocs\examen\wp-includes\plugin.php(470): WP_Hook->do_action(Array)
#6 C:\xampp\htdocs\examen\wp-includes\script-loader.php(2083): do_action('wp_enqueue_scri...')
#7 C:\xampp\htdocs\examen\wp-includes\class-wp-hook.php(303): wp_enqueue_scripts('')
#8 C:\xampp\htdocs\examen\wp-includes\class-wp-hook.php(327): WP_Hook->apply_filters('', Array)
#9 C:\xampp\htdocs\examen\wp-includes\plugin.php(470): WP_Hook->do_action(Array)
#10 C:\xampp\htdocs\examen\wp-includes\general-template.php(3015): do_action('wp_head')
#11 C:\xampp\htdocs\examen\wp-content\plugins\elementor\includes\editor-templates\editor-wrapper.php(31): wp_head()
#12 C:\xampp\htdocs\examen\wp-content\plugins\elementor\core\editor\editor.php(317): include('C:\\xampp\\htdocs...')
#13 C:\xampp\htdocs\examen\wp-content\plugins\elementor\core\editor\editor.php(158): Elementor\Core\Editor\Editor->print_editor_template()
#14 C:\xampp\htdocs\examen\wp-includes\class-wp-hook.php(303): Elementor\Core\Editor\Editor->init('')
#15 C:\xampp\htdocs\examen\wp-includes\class-wp-hook.php(327): WP_Hook->apply_filters('', Array)
#16 C:\xampp\htdocs\examen\wp-includes\plugin.php(470): WP_Hook->do_action(Array)
#17 C:\xampp\htdocs\examen\wp-admin\admin.php(408): do_action('admin_action_el...')
#18 C:\xampp\htdocs\examen\wp-admin\post.php(12): require_once('C:\\xampp\\htdocs...')
#19 {main}
  thrown in C:\xampp\htdocs\examen\wp-content\plugins\elementor\core\base\document.php on line 864

2022-01-26T14:43:59+00:00 CRITICAL Uncaught Exception: Invalid data: {"data":["Array"],"element":"Array"} in C:\xampp\htdocs\examen\wp-content\plugins\elementor\core\base\document.php:864
Stack trace:
#0 C:\xampp\htdocs\examen\wp-content\plugins\elementor\core\base\document.php(553): Elementor\Core\Base\Document->get_elements_raw_data(Array, true)
#1 C:\xampp\htdocs\examen\wp-content\plugins\elementor\includes\base\controls-stack.php(1011): Elementor\Core\Base\Document->get_initial_config()
#2 C:\xampp\htdocs\examen\wp-content\plugins\elementor\core\editor\editor.php(522): Elementor\Controls_Stack->get_config()
#3 C:\xampp\htdocs\examen\wp-includes\class-wp-hook.php(303): Elementor\Core\Editor\Editor->enqueue_scripts('')
#4 C:\xampp\htdocs\examen\wp-includes\class-wp-hook.php(327): WP_Hook->apply_filters('', Array)
#5 C:\xampp\htdocs\examen\wp-includes\plugin.php(470): WP_Hook->do_action(Array)
#6 C:\xampp\htdocs\examen\wp-includes\script-loader.php(2083): do_action('wp_enqueue_scri...')
#7 C:\xampp\htdocs\examen\wp-includes\class-wp-hook.php(303): wp_enqueue_scripts('')
#8 C:\xampp\htdocs\examen\wp-includes\class-wp-hook.php(327): WP_Hook->apply_filters('', Array)
#9 C:\xampp\htdocs\examen\wp-includes\plugin.php(470): WP_Hook->do_action(Array)
#10 C:\xampp\htdocs\examen\wp-includes\general-template.php(3015): do_action('wp_head')
#11 C:\xampp\htdocs\examen\wp-content\plugins\elementor\includes\editor-templates\editor-wrapper.php(31): wp_head()
#12 C:\xampp\htdocs\examen\wp-content\plugins\elementor\core\editor\editor.php(317): include('C:\\xampp\\htdocs...')
#13 C:\xampp\htdocs\examen\wp-content\plugins\elementor\core\editor\editor.php(158): Elementor\Core\Editor\Editor->print_editor_template()
#14 C:\xampp\htdocs\examen\wp-includes\class-wp-hook.php(303): Elementor\Core\Editor\Editor->init('')
#15 C:\xampp\htdocs\examen\wp-includes\class-wp-hook.php(327): WP_Hook->apply_filters('', Array)
#16 C:\xampp\htdocs\examen\wp-includes\plugin.php(470): WP_Hook->do_action(Array)
#17 C:\xampp\htdocs\examen\wp-admin\admin.php(408): do_action('admin_action_el...')
#18 C:\xampp\htdocs\examen\wp-admin\post.php(12): require_once('C:\\xampp\\htdocs...')
#19 {main}
  thrown in C:\xampp\htdocs\examen\wp-content\plugins\elementor\core\base\document.php on line 864

